<?xml version="1.0" encoding="UTF-8"?>
<testsuite name="ec.edu.espol.CalServiceTest" tests="1" skipped="0" failures="0" errors="0" timestamp="2016-01-08T14:43:09" hostname="wrks129-139fiec" time="0.203">
  <properties/>
  <testcase name="testAddTwoNumbers" classname="ec.edu.espol.CalServiceTest" time="0.203"/>
  <system-out><![CDATA[]]></system-out>
  <system-err><![CDATA[]]></system-err>
</testsuite>
